<?xml version="1.0" encoding="UTF-8"?>
<testsuite name="TicketSellerTest" tests="1" skipped="0" failures="0" errors="0" timestamp="2021-05-08T09:18:52" hostname="iyeonghan-ui-MacBook-Pro.local" time="0.001">
  <properties/>
  <testcase name="reserve" classname="TicketSellerTest" time="0.001"/>
  <system-out><![CDATA[]]></system-out>
  <system-err><![CDATA[]]></system-err>
</testsuite>
