<?xml version="1.0" encoding="UTF-8"?>
<testsuite name="TicketSellerTest" tests="1" skipped="0" failures="0" errors="0" timestamp="2021-05-10T05:32:53" hostname="iyeonghan-ui-MacBook-Pro.local" time="0.004">
  <properties/>
  <testcase name="reserve" classname="TicketSellerTest" time="0.004"/>
  <system-out><![CDATA[]]></system-out>
  <system-err><![CDATA[]]></system-err>
</testsuite>
