<?xml version="1.0" encoding="UTF-8"?>
<testsuite name="Test" tests="1" skipped="0" failures="0" errors="0" timestamp="2021-04-29T06:12:05" hostname="iyeonghan-ui-MacBook-Pro.local" time="0.019">
  <properties/>
  <testcase name="test$secondExercise()" classname="Test" time="0.019"/>
  <system-out><![CDATA[]]></system-out>
  <system-err><![CDATA[]]></system-err>
</testsuite>
